<?xml version="1.0" encoding="UTF-8"?>
<testsuite name="model.bridgelabz.jdbc.model.EmployeePayrollTest" tests="10" skipped="0" failures="0" errors="0" timestamp="2022-07-10T13:16:32" hostname="DESKTOP-RUA6ENJ" time="6.131">
  <properties/>
  <testcase name="givenTestCaseShouldReturn_MaximumSalaryByGender()" classname="model.bridgelabz.jdbc.model.EmployeePayrollTest" time="2.172"/>
  <testcase name="givenTestCaseShouldReturn_MinimumSalaryByGender()" classname="model.bridgelabz.jdbc.model.EmployeePayrollTest" time="0.342"/>
  <testcase name="givenTestCaseShouldReturn_SumOfSalaryByGender()" classname="model.bridgelabz.jdbc.model.EmployeePayrollTest" time="0.29"/>
  <testcase name="givenTestCaseShouldReturn_InsertPayrollData()" classname="model.bridgelabz.jdbc.model.EmployeePayrollTest" time="1.965"/>
  <testcase name="givenTestCaseShouldReturn_UpdatedSalary()" classname="model.bridgelabz.jdbc.model.EmployeePayrollTest" time="0.271"/>
  <testcase name="givenTestCaseShouldReturn_AverageOfSalaryByGender()" classname="model.bridgelabz.jdbc.model.EmployeePayrollTest" time="0.286"/>
  <testcase name="givenTestCaseShouldReturn_UpdatedSalaryUsingPreparedStatement()" classname="model.bridgelabz.jdbc.model.EmployeePayrollTest" time="0.165"/>
  <testcase name="givenTestCaseShouldReturn_AllDataByDateRange()" classname="model.bridgelabz.jdbc.model.EmployeePayrollTest" time="0.321"/>
  <testcase name="givenTestCaseShouldReturn_AllData()" classname="model.bridgelabz.jdbc.model.EmployeePayrollTest" time="0.157"/>
  <testcase name="givenTestCaseShouldReturn_CountByGender()" classname="model.bridgelabz.jdbc.model.EmployeePayrollTest" time="0.141"/>
  <system-out><![CDATA[{f=750000.0, m=800000.0}
{f=100000.0, m=200000.0}
{}
data added
com.mysql.cj.jdbc.result.ResultSetImpl@589a3973
11
Payroll data added
null
salary updated
{f=1191666.6666666667, m=1675000.0}
[EmployeeInfo{id=2, name='Rohini', gender=f, startDate=2021-10-01, address='Pune', phone_number='8686868686', basic_pay='null', salary='1000000', dept_name=null}, EmployeeInfo{id=4, name='john', gender=m, startDate=2021-04-10, address='NY', phone_number='9895689865', basic_pay='null', salary='5000000', dept_name=null}, EmployeeInfo{id=5, name='Terissa', gender=f, startDate=2021-04-10, address='NY', phone_number='9895689865', basic_pay='null', salary='100000', dept_name=null}]
[EmployeeInfo{id=1, name='Mohini', gender=f, startDate=2021-01-10, address='Pune', phone_number='9322356525', basic_pay='null', salary='300000', dept_name=null}, EmployeeInfo{id=2, name='Rohini', gender=f, startDate=2021-10-01, address='Pune', phone_number='8686868686', basic_pay='null', salary='1000000', dept_name=null}, EmployeeInfo{id=3, name='Ankita', gender=f, startDate=2021-01-04, address='kolhapur', phone_number='9898950078', basic_pay='null', salary='2000000', dept_name=null}, EmployeeInfo{id=4, name='john', gender=m, startDate=2021-04-10, address='NY', phone_number='9895689865', basic_pay='null', salary='5000000', dept_name=null}, EmployeeInfo{id=5, name='Terissa', gender=f, startDate=2021-04-10, address='NY', phone_number='9895689865', basic_pay='null', salary='100000', dept_name=null}, EmployeeInfo{id=6, name='Terissa', gender=f, startDate=2021-01-10, address='Pune', phone_number='8895465656', basic_pay='null', salary='750000', dept_name=null}, EmployeeInfo{id=7, name='Terissa', gender=f, startDate=2021-01-10, address='Pune', phone_number='8895465656', basic_pay='null', salary='3000000', dept_name=null}, EmployeeInfo{id=8, name='Testing1', gender=M, startDate=2021-01-10, address='Pune', phone_number='8895465656', basic_pay='null', salary='700000', dept_name=null}, EmployeeInfo{id=9, name='Testing1', gender=M, startDate=2021-01-10, address='Pune', phone_number='8895465656', basic_pay='null', salary='800000', dept_name=null}, EmployeeInfo{id=10, name='Testing1', gender=M, startDate=2021-01-10, address='Pune', phone_number='8895465656', basic_pay='null', salary='200000', dept_name=null}, EmployeeInfo{id=11, name='Testing1', gender=M, startDate=2021-01-10, address='Pune', phone_number='8895465656', basic_pay='null', salary='null', dept_name=null}]
{f=6, m=5}
]]></system-out>
  <system-err><![CDATA[java.sql.SQLException: Column 'Sum_salary' not found.
	at com.mysql.cj.jdbc.exceptions.SQLError.createSQLException(SQLError.java:129)
	at com.mysql.cj.jdbc.exceptions.SQLError.createSQLException(SQLError.java:97)
	at com.mysql.cj.jdbc.exceptions.SQLError.createSQLException(SQLError.java:89)
	at com.mysql.cj.jdbc.exceptions.SQLError.createSQLException(SQLError.java:63)
	at com.mysql.cj.jdbc.result.ResultSetImpl.findColumn(ResultSetImpl.java:584)
	at com.mysql.cj.jdbc.result.ResultSetImpl.getString(ResultSetImpl.java:896)
	at model.bl.bridgelabz.jdbc.model.EmployeePayrollRepository.getSumOfSalaryByGender(EmployeePayrollRepository.java:109)
	at model.bl.bridgelabz.jdbc.model.EmployeePayrollService.getSumOfSalaryByGender(EmployeePayrollService.java:27)
	at model.bridgelabz.jdbc.model.EmployeePayrollTest.givenTestCaseShouldReturn_SumOfSalaryByGender(EmployeePayrollTest.java:42)
	at java.base/jdk.internal.reflect.NativeMethodAccessorImpl.invoke0(Native Method)
	at java.base/jdk.internal.reflect.NativeMethodAccessorImpl.invoke(NativeMethodAccessorImpl.java:78)
	at java.base/jdk.internal.reflect.DelegatingMethodAccessorImpl.invoke(DelegatingMethodAccessorImpl.java:43)
	at java.base/java.lang.reflect.Method.invoke(Method.java:567)
	at org.junit.platform.commons.util.ReflectionUtils.invokeMethod(ReflectionUtils.java:725)
	at org.junit.jupiter.engine.execution.MethodInvocation.proceed(MethodInvocation.java:60)
	at org.junit.jupiter.engine.execution.InvocationInterceptorChain$ValidatingInvocation.proceed(InvocationInterceptorChain.java:131)
	at org.junit.jupiter.engine.extension.TimeoutExtension.intercept(TimeoutExtension.java:149)
	at org.junit.jupiter.engine.extension.TimeoutExtension.interceptTestableMethod(TimeoutExtension.java:140)
	at org.junit.jupiter.engine.extension.TimeoutExtension.interceptTestMethod(TimeoutExtension.java:84)
	at org.junit.jupiter.engine.execution.ExecutableInvoker$ReflectiveInterceptorCall.lambda$ofVoidMethod$0(ExecutableInvoker.java:115)
	at org.junit.jupiter.engine.execution.ExecutableInvoker.lambda$invoke$0(ExecutableInvoker.java:105)
	at org.junit.jupiter.engine.execution.InvocationInterceptorChain$InterceptedInvocation.proceed(InvocationInterceptorChain.java:106)
	at org.junit.jupiter.engine.execution.InvocationInterceptorChain.proceed(InvocationInterceptorChain.java:64)
	at org.junit.jupiter.engine.execution.InvocationInterceptorChain.chainAndInvoke(InvocationInterceptorChain.java:45)
	at org.junit.jupiter.engine.execution.InvocationInterceptorChain.invoke(InvocationInterceptorChain.java:37)
	at org.junit.jupiter.engine.execution.ExecutableInvoker.invoke(ExecutableInvoker.java:104)
	at org.junit.jupiter.engine.execution.ExecutableInvoker.invoke(ExecutableInvoker.java:98)
	at org.junit.jupiter.engine.descriptor.TestMethodTestDescriptor.lambda$invokeTestMethod$7(TestMethodTestDescriptor.java:214)
	at org.junit.platform.engine.support.hierarchical.ThrowableCollector.execute(ThrowableCollector.java:73)
	at org.junit.jupiter.engine.descriptor.TestMethodTestDescriptor.invokeTestMethod(TestMethodTestDescriptor.java:210)
	at org.junit.jupiter.engine.descriptor.TestMethodTestDescriptor.execute(TestMethodTestDescriptor.java:135)
	at org.junit.jupiter.engine.descriptor.TestMethodTestDescriptor.execute(TestMethodTestDescriptor.java:66)
	at org.junit.platform.engine.support.hierarchical.NodeTestTask.lambda$executeRecursively$6(NodeTestTask.java:151)
	at org.junit.platform.engine.support.hierarchical.ThrowableCollector.execute(ThrowableCollector.java:73)
	at org.junit.platform.engine.support.hierarchical.NodeTestTask.lambda$executeRecursively$8(NodeTestTask.java:141)
	at org.junit.platform.engine.support.hierarchical.Node.around(Node.java:137)
	at org.junit.platform.engine.support.hierarchical.NodeTestTask.lambda$executeRecursively$9(NodeTestTask.java:139)
	at org.junit.platform.engine.support.hierarchical.ThrowableCollector.execute(ThrowableCollector.java:73)
	at org.junit.platform.engine.support.hierarchical.NodeTestTask.executeRecursively(NodeTestTask.java:138)
	at org.junit.platform.engine.support.hierarchical.NodeTestTask.execute(NodeTestTask.java:95)
	at java.base/java.util.ArrayList.forEach(ArrayList.java:1511)
	at org.junit.platform.engine.support.hierarchical.SameThreadHierarchicalTestExecutorService.invokeAll(SameThreadHierarchicalTestExecutorService.java:41)
	at org.junit.platform.engine.support.hierarchical.NodeTestTask.lambda$executeRecursively$6(NodeTestTask.java:155)
	at org.junit.platform.engine.support.hierarchical.ThrowableCollector.execute(ThrowableCollector.java:73)
	at org.junit.platform.engine.support.hierarchical.NodeTestTask.lambda$executeRecursively$8(NodeTestTask.java:141)
	at org.junit.platform.engine.support.hierarchical.Node.around(Node.java:137)
	at org.junit.platform.engine.support.hierarchical.NodeTestTask.lambda$executeRecursively$9(NodeTestTask.java:139)
	at org.junit.platform.engine.support.hierarchical.ThrowableCollector.execute(ThrowableCollector.java:73)
	at org.junit.platform.engine.support.hierarchical.NodeTestTask.executeRecursively(NodeTestTask.java:138)
	at org.junit.platform.engine.support.hierarchical.NodeTestTask.execute(NodeTestTask.java:95)
	at java.base/java.util.ArrayList.forEach(ArrayList.java:1511)
	at org.junit.platform.engine.support.hierarchical.SameThreadHierarchicalTestExecutorService.invokeAll(SameThreadHierarchicalTestExecutorService.java:41)
	at org.junit.platform.engine.support.hierarchical.NodeTestTask.lambda$executeRecursively$6(NodeTestTask.java:155)
	at org.junit.platform.engine.support.hierarchical.ThrowableCollector.execute(ThrowableCollector.java:73)
	at org.junit.platform.engine.support.hierarchical.NodeTestTask.lambda$executeRecursively$8(NodeTestTask.java:141)
	at org.junit.platform.engine.support.hierarchical.Node.around(Node.java:137)
	at org.junit.platform.engine.support.hierarchical.NodeTestTask.lambda$executeRecursively$9(NodeTestTask.java:139)
	at org.junit.platform.engine.support.hierarchical.ThrowableCollector.execute(ThrowableCollector.java:73)
	at org.junit.platform.engine.support.hierarchical.NodeTestTask.executeRecursively(NodeTestTask.java:138)
	at org.junit.platform.engine.support.hierarchical.NodeTestTask.execute(NodeTestTask.java:95)
	at org.junit.platform.engine.support.hierarchical.SameThreadHierarchicalTestExecutorService.submit(SameThreadHierarchicalTestExecutorService.java:35)
	at org.junit.platform.engine.support.hierarchical.HierarchicalTestExecutor.execute(HierarchicalTestExecutor.java:57)
	at org.junit.platform.engine.support.hierarchical.HierarchicalTestEngine.execute(HierarchicalTestEngine.java:54)
	at org.junit.platform.launcher.core.EngineExecutionOrchestrator.execute(EngineExecutionOrchestrator.java:108)
	at org.junit.platform.launcher.core.EngineExecutionOrchestrator.execute(EngineExecutionOrchestrator.java:88)
	at org.junit.platform.launcher.core.EngineExecutionOrchestrator.lambda$execute$0(EngineExecutionOrchestrator.java:54)
	at org.junit.platform.launcher.core.EngineExecutionOrchestrator.withInterceptedStreams(EngineExecutionOrchestrator.java:67)
	at org.junit.platform.launcher.core.EngineExecutionOrchestrator.execute(EngineExecutionOrchestrator.java:52)
	at org.junit.platform.launcher.core.DefaultLauncher.execute(DefaultLauncher.java:96)
	at org.junit.platform.launcher.core.DefaultLauncher.execute(DefaultLauncher.java:75)
	at org.gradle.api.internal.tasks.testing.junitplatform.JUnitPlatformTestClassProcessor$CollectAllTestClassesExecutor.processAllTestClasses(JUnitPlatformTestClassProcessor.java:99)
	at org.gradle.api.internal.tasks.testing.junitplatform.JUnitPlatformTestClassProcessor$CollectAllTestClassesExecutor.access$000(JUnitPlatformTestClassProcessor.java:79)
	at org.gradle.api.internal.tasks.testing.junitplatform.JUnitPlatformTestClassProcessor.stop(JUnitPlatformTestClassProcessor.java:75)
	at org.gradle.api.internal.tasks.testing.SuiteTestClassProcessor.stop(SuiteTestClassProcessor.java:61)
	at java.base/jdk.internal.reflect.NativeMethodAccessorImpl.invoke0(Native Method)
	at java.base/jdk.internal.reflect.NativeMethodAccessorImpl.invoke(NativeMethodAccessorImpl.java:78)
	at java.base/jdk.internal.reflect.DelegatingMethodAccessorImpl.invoke(DelegatingMethodAccessorImpl.java:43)
	at java.base/java.lang.reflect.Method.invoke(Method.java:567)
	at org.gradle.internal.dispatch.ReflectionDispatch.dispatch(ReflectionDispatch.java:36)
	at org.gradle.internal.dispatch.ReflectionDispatch.dispatch(ReflectionDispatch.java:24)
	at org.gradle.internal.dispatch.ContextClassLoaderDispatch.dispatch(ContextClassLoaderDispatch.java:33)
	at org.gradle.internal.dispatch.ProxyDispatchAdapter$DispatchingInvocationHandler.invoke(ProxyDispatchAdapter.java:94)
	at jdk.proxy1/jdk.proxy1.$Proxy2.stop(Unknown Source)
	at org.gradle.api.internal.tasks.testing.worker.TestWorker.stop(TestWorker.java:135)
	at java.base/jdk.internal.reflect.NativeMethodAccessorImpl.invoke0(Native Method)
	at java.base/jdk.internal.reflect.NativeMethodAccessorImpl.invoke(NativeMethodAccessorImpl.java:78)
	at java.base/jdk.internal.reflect.DelegatingMethodAccessorImpl.invoke(DelegatingMethodAccessorImpl.java:43)
	at java.base/java.lang.reflect.Method.invoke(Method.java:567)
	at org.gradle.internal.dispatch.ReflectionDispatch.dispatch(ReflectionDispatch.java:36)
	at org.gradle.internal.dispatch.ReflectionDispatch.dispatch(ReflectionDispatch.java:24)
	at org.gradle.internal.remote.internal.hub.MessageHubBackedObjectConnection$DispatchWrapper.dispatch(MessageHubBackedObjectConnection.java:182)
	at org.gradle.internal.remote.internal.hub.MessageHubBackedObjectConnection$DispatchWrapper.dispatch(MessageHubBackedObjectConnection.java:164)
	at org.gradle.internal.remote.internal.hub.MessageHub$Handler.run(MessageHub.java:414)
	at org.gradle.internal.concurrent.ExecutorPolicy$CatchAndRecordFailures.onExecute(ExecutorPolicy.java:64)
	at org.gradle.internal.concurrent.ManagedExecutorImpl$1.run(ManagedExecutorImpl.java:48)
	at java.base/java.util.concurrent.ThreadPoolExecutor.runWorker(ThreadPoolExecutor.java:1130)
	at java.base/java.util.concurrent.ThreadPoolExecutor$Worker.run(ThreadPoolExecutor.java:630)
	at org.gradle.internal.concurrent.ThreadFactoryImpl$ManagedThreadRunnable.run(ThreadFactoryImpl.java:56)
	at java.base/java.lang.Thread.run(Thread.java:831)
]]></system-err>
</testsuite>
